<?xml version="1.0" encoding="UTF-8"?>
<!-- Generated by org.testng.reporters.JUnitXMLReporter -->
<testsuite ignored="0" hostname="AjayHC" failures="0" tests="3" name="Default test" time="94.245" errors="0" timestamp="2022-11-24T18:40:00 IST">
  <testcase classname="com.HRM.qa.TestCases.AddEmpPageTest" name="Addemp" time="11.664"/>
  <testcase classname="com.HRM.qa.TestCases.AddEmpPageTest" name="Addemp" time="12.033"/>
  <testcase classname="com.HRM.qa.TestCases.AddEmpPageTest" name="Addemp" time="11.737"/>
</testsuite> <!-- Default test -->
